0 info it worked if it ends with ok
1 verbose cli [ 'C:\\Program Files (x86)\\nodejs\\\\node.exe',
1 verbose cli   'C:\\Program Files (x86)\\nodejs\\node_modules\\npm\\bin\\npm-cli.js',
1 verbose cli   'install' ]
2 info using npm@1.4.28
3 info using node@v0.10.35
4 verbose node symlink C:\Program Files (x86)\nodejs\\node.exe
5 verbose readDependencies using package.json deps
6 verbose install where, deps [ 'F:\\Projects\\BaasicStarterKitAngularjsBlog',
6 verbose install   [ 'event-stream',
6 verbose install     'gulp',
6 verbose install     'gulp-angular-filesort',
6 verbose install     'gulp-cached',
6 verbose install     'gulp-concat',
6 verbose install     'gulp-csslint',
6 verbose install     'gulp-embedlr',
6 verbose install     'gulp-header',
6 verbose install     'gulp-htmlmin',
6 verbose install     'gulp-inject',
6 verbose install     'gulp-jshint',
6 verbose install     'gulp-karma',
6 verbose install     'gulp-livereload',
6 verbose install     'gulp-load-plugins',
6 verbose install     'gulp-minify-css',
6 verbose install     'gulp-ng-annotate',
6 verbose install     'gulp-ng-html2js',
6 verbose install     'gulp-pleeease',
6 verbose install     'gulp-rename',
6 verbose install     'gulp-serve',
6 verbose install     'gulp-uglify',
6 verbose install     'gulp-util',
6 verbose install     'jshint-stylish',
6 verbose install     'karma',
6 verbose install     'karma-chai',
6 verbose install     'karma-chrome-launcher',
6 verbose install     'karma-firefox-launcher',
6 verbose install     'karma-mocha',
6 verbose install     'karma-phantomjs-launcher',
6 verbose install     'karma-script-launcher',
6 verbose install     'lazypipe',
6 verbose install     'main-bower-files',
6 verbose install     'rimraf',
6 verbose install     'streamqueue' ] ]
7 info preinstall baasic-angularjs-blog-starter-kit@0.1.0
8 verbose readDependencies using package.json deps
9 verbose already installed skipping event-stream@^3.2.1 F:\Projects\BaasicStarterKitAngularjsBlog
10 verbose already installed skipping gulp@^3.8.10 F:\Projects\BaasicStarterKitAngularjsBlog
11 verbose already installed skipping gulp-angular-filesort@^1.0.3 F:\Projects\BaasicStarterKitAngularjsBlog
12 verbose already installed skipping gulp-cached@^1.0.1 F:\Projects\BaasicStarterKitAngularjsBlog
13 verbose already installed skipping gulp-concat@^2.4.3 F:\Projects\BaasicStarterKitAngularjsBlog
14 verbose already installed skipping gulp-csslint@~0.1.4 F:\Projects\BaasicStarterKitAngularjsBlog
15 verbose already installed skipping gulp-embedlr@~0.5.2 F:\Projects\BaasicStarterKitAngularjsBlog
16 verbose already installed skipping gulp-header@^1.2.2 F:\Projects\BaasicStarterKitAngularjsBlog
17 verbose already installed skipping gulp-htmlmin@^1.0.0 F:\Projects\BaasicStarterKitAngularjsBlog
18 verbose already installed skipping gulp-inject@^1.1.1 F:\Projects\BaasicStarterKitAngularjsBlog
19 verbose already installed skipping gulp-jshint@^1.9.0 F:\Projects\BaasicStarterKitAngularjsBlog
20 verbose already installed skipping gulp-karma@~0.0.4 F:\Projects\BaasicStarterKitAngularjsBlog
21 verbose already installed skipping gulp-livereload@^3.4.0 F:\Projects\BaasicStarterKitAngularjsBlog
22 verbose already installed skipping gulp-load-plugins@~0.8.0 F:\Projects\BaasicStarterKitAngularjsBlog
23 verbose already installed skipping gulp-minify-css@~0.3.1 F:\Projects\BaasicStarterKitAngularjsBlog
24 verbose already installed skipping gulp-ng-annotate@~0.4.4 F:\Projects\BaasicStarterKitAngularjsBlog
25 verbose already installed skipping gulp-ng-html2js@~0.1.8 F:\Projects\BaasicStarterKitAngularjsBlog
26 verbose already installed skipping gulp-pleeease@^1.2.0 F:\Projects\BaasicStarterKitAngularjsBlog
27 verbose already installed skipping gulp-rename@^1.2.0 F:\Projects\BaasicStarterKitAngularjsBlog
28 verbose already installed skipping gulp-serve@~0.3.0 F:\Projects\BaasicStarterKitAngularjsBlog
29 verbose already installed skipping gulp-uglify@^1.0.2 F:\Projects\BaasicStarterKitAngularjsBlog
30 verbose already installed skipping gulp-util@^3.0.2 F:\Projects\BaasicStarterKitAngularjsBlog
31 verbose already installed skipping jshint-stylish@^1.0.0 F:\Projects\BaasicStarterKitAngularjsBlog
32 verbose already installed skipping karma@~0.12.16 F:\Projects\BaasicStarterKitAngularjsBlog
33 verbose already installed skipping karma-chai@~0.1.0 F:\Projects\BaasicStarterKitAngularjsBlog
34 verbose already installed skipping karma-chrome-launcher@~0.1.4 F:\Projects\BaasicStarterKitAngularjsBlog
35 verbose already installed skipping karma-firefox-launcher@~0.1.3 F:\Projects\BaasicStarterKitAngularjsBlog
36 verbose already installed skipping karma-mocha@~0.1.3 F:\Projects\BaasicStarterKitAngularjsBlog
37 verbose already installed skipping karma-phantomjs-launcher@~0.1.4 F:\Projects\BaasicStarterKitAngularjsBlog
38 verbose already installed skipping karma-script-launcher@~0.1.0 F:\Projects\BaasicStarterKitAngularjsBlog
39 verbose already installed skipping lazypipe@~0.2.1 F:\Projects\BaasicStarterKitAngularjsBlog
40 verbose already installed skipping main-bower-files@^2.5.0 F:\Projects\BaasicStarterKitAngularjsBlog
41 verbose already installed skipping rimraf@^2.2.8 F:\Projects\BaasicStarterKitAngularjsBlog
42 verbose already installed skipping streamqueue@~0.1.1 F:\Projects\BaasicStarterKitAngularjsBlog
43 silly resolved []
44 info build F:\Projects\BaasicStarterKitAngularjsBlog
45 verbose linkStuff [ false, false, false, 'F:\\Projects' ]
46 info linkStuff baasic-angularjs-blog-starter-kit@0.1.0
47 verbose linkBins baasic-angularjs-blog-starter-kit@0.1.0
48 verbose linkMans baasic-angularjs-blog-starter-kit@0.1.0
49 verbose rebuildBundles baasic-angularjs-blog-starter-kit@0.1.0
50 verbose rebuildBundles [ '.bin',
50 verbose rebuildBundles   'chai',
50 verbose rebuildBundles   'event-stream',
50 verbose rebuildBundles   'gulp',
50 verbose rebuildBundles   'gulp-angular-filesort',
50 verbose rebuildBundles   'gulp-cached',
50 verbose rebuildBundles   'gulp-concat',
50 verbose rebuildBundles   'gulp-csslint',
50 verbose rebuildBundles   'gulp-embedlr',
50 verbose rebuildBundles   'gulp-header',
50 verbose rebuildBundles   'gulp-htmlmin',
50 verbose rebuildBundles   'gulp-inject',
50 verbose rebuildBundles   'gulp-jshint',
50 verbose rebuildBundles   'gulp-karma',
50 verbose rebuildBundles   'gulp-livereload',
50 verbose rebuildBundles   'gulp-load-plugins',
50 verbose rebuildBundles   'gulp-minify-css',
50 verbose rebuildBundles   'gulp-ng-annotate',
50 verbose rebuildBundles   'gulp-ng-html2js',
50 verbose rebuildBundles   'gulp-pleeease',
50 verbose rebuildBundles   'gulp-rename',
50 verbose rebuildBundles   'gulp-serve',
50 verbose rebuildBundles   'gulp-uglify',
50 verbose rebuildBundles   'gulp-util',
50 verbose rebuildBundles   'jshint-stylish',
50 verbose rebuildBundles   'karma',
50 verbose rebuildBundles   'karma-chai',
50 verbose rebuildBundles   'karma-chrome-launcher',
50 verbose rebuildBundles   'karma-firefox-launcher',
50 verbose rebuildBundles   'karma-mocha',
50 verbose rebuildBundles   'karma-phantomjs-launcher',
50 verbose rebuildBundles   'karma-script-launcher',
50 verbose rebuildBundles   'lazypipe',
50 verbose rebuildBundles   'main-bower-files',
50 verbose rebuildBundles   'mocha',
50 verbose rebuildBundles   'rimraf',
50 verbose rebuildBundles   'streamqueue' ]
51 verbose rebuild bundle F:\Projects\BaasicStarterKitAngularjsBlog\node_modules\chai
52 info build F:\Projects\BaasicStarterKitAngularjsBlog\node_modules\chai
53 info preinstall chai@2.3.0
54 verbose linkStuff [ false,
54 verbose linkStuff   false,
54 verbose linkStuff   false,
54 verbose linkStuff   'F:\\Projects\\BaasicStarterKitAngularjsBlog\\node_modules' ]
55 info linkStuff chai@2.3.0
56 verbose linkBins chai@2.3.0
57 verbose linkMans chai@2.3.0
58 verbose rebuildBundles chai@2.3.0
59 verbose rebuildBundles [ 'assertion-error', 'deep-eql' ]
60 info install chai@2.3.0
61 info postinstall chai@2.3.0
62 verbose rebuild bundle F:\Projects\BaasicStarterKitAngularjsBlog\node_modules\mocha
63 info build F:\Projects\BaasicStarterKitAngularjsBlog\node_modules\mocha
64 info preinstall mocha@2.2.4
65 verbose linkStuff [ false,
65 verbose linkStuff   false,
65 verbose linkStuff   false,
65 verbose linkStuff   'F:\\Projects\\BaasicStarterKitAngularjsBlog\\node_modules' ]
66 info linkStuff mocha@2.2.4
67 verbose linkBins mocha@2.2.4
68 verbose link bins [ { mocha: './bin/mocha', _mocha: './bin/_mocha' },
68 verbose link bins   'F:\\Projects\\BaasicStarterKitAngularjsBlog\\node_modules\\.bin',
68 verbose link bins   false ]
69 verbose linkMans mocha@2.2.4
70 verbose rebuildBundles mocha@2.2.4
71 verbose rebuildBundles [ '.bin',
71 verbose rebuildBundles   'commander',
71 verbose rebuildBundles   'debug',
71 verbose rebuildBundles   'diff',
71 verbose rebuildBundles   'escape-string-regexp',
71 verbose rebuildBundles   'glob',
71 verbose rebuildBundles   'growl',
71 verbose rebuildBundles   'jade',
71 verbose rebuildBundles   'mkdirp',
71 verbose rebuildBundles   'supports-color' ]
72 info install mocha@2.2.4
73 info postinstall mocha@2.2.4
74 info install baasic-angularjs-blog-starter-kit@0.1.0
75 info postinstall baasic-angularjs-blog-starter-kit@0.1.0
76 verbose unsafe-perm in lifecycle true
77 info baasic-angularjs-blog-starter-kit@0.1.0 Failed to exec postinstall script
78 error baasic-angularjs-blog-starter-kit@0.1.0 postinstall: `bower install`
78 error Exit status 1
79 error Failed at the baasic-angularjs-blog-starter-kit@0.1.0 postinstall script.
79 error This is most likely a problem with the baasic-angularjs-blog-starter-kit package,
79 error not with npm itself.
79 error Tell the author that this fails on your system:
79 error     bower install
79 error You can get their info via:
79 error     npm owner ls baasic-angularjs-blog-starter-kit
79 error There is likely additional logging output above.
80 error System Windows_NT 6.2.9200
81 error command "C:\\Program Files (x86)\\nodejs\\\\node.exe" "C:\\Program Files (x86)\\nodejs\\node_modules\\npm\\bin\\npm-cli.js" "install"
82 error cwd F:\Projects\BaasicStarterKitAngularjsBlog
83 error node -v v0.10.35
84 error npm -v 1.4.28
85 error code ELIFECYCLE
86 verbose exit [ 1, true ]
